2025-04-28 23:53:42,831 INFO Loading data from C:\Users\Ken Ira Talingting\Desktop\multi-task-default-interest-model\data\clean_data\cleaned_credit_risk.csv
2025-04-28 23:53:42,866 INFO Data shape: (29582, 12)
2025-04-28 23:53:42,878 WARNING to_markdown failed; falling back to to_string().
2025-04-28 23:53:42,888 WARNING to_markdown failed; falling back to to_string().
2025-04-28 23:53:43,221 INFO Saved figure: C:\Users\Ken Ira Talingting\Desktop\multi-task-default-interest-model\data\exploratory-data-analysis\figures\missing_values.png
2025-04-28 23:53:43,243 WARNING to_markdown failed; falling back to to_string().
2025-04-28 23:53:43,254 WARNING to_markdown failed; falling back to to_string().
2025-04-28 23:53:43,516 INFO Saved figure: C:\Users\Ken Ira Talingting\Desktop\multi-task-default-interest-model\data\exploratory-data-analysis\figures\person_home_ownership_countplot.png
2025-04-28 23:53:43,518 WARNING to_markdown failed; falling back to to_string().
2025-04-28 23:53:43,722 INFO Saved figure: C:\Users\Ken Ira Talingting\Desktop\multi-task-default-interest-model\data\exploratory-data-analysis\figures\loan_intent_countplot.png
2025-04-28 23:53:43,725 WARNING to_markdown failed; falling back to to_string().
2025-04-28 23:53:44,002 INFO Saved figure: C:\Users\Ken Ira Talingting\Desktop\multi-task-default-interest-model\data\exploratory-data-analysis\figures\loan_grade_countplot.png
2025-04-28 23:53:44,005 WARNING to_markdown failed; falling back to to_string().
2025-04-28 23:53:44,210 INFO Saved figure: C:\Users\Ken Ira Talingting\Desktop\multi-task-default-interest-model\data\exploratory-data-analysis\figures\cb_person_default_on_file_countplot.png
2025-04-28 23:53:44,213 WARNING to_markdown failed; falling back to to_string().
2025-04-28 23:53:44,374 INFO Saved figure: C:\Users\Ken Ira Talingting\Desktop\multi-task-default-interest-model\data\exploratory-data-analysis\figures\target_distribution.png
2025-04-28 23:53:44,513 INFO Using categorical units to plot a list of strings that are all parsable as floats or dates. If these strings should be plotted as numbers, cast to the appropriate data type before plotting.
2025-04-28 23:53:44,542 INFO Using categorical units to plot a list of strings that are all parsable as floats or dates. If these strings should be plotted as numbers, cast to the appropriate data type before plotting.
2025-04-28 23:53:44,680 INFO Saved figure: C:\Users\Ken Ira Talingting\Desktop\multi-task-default-interest-model\data\exploratory-data-analysis\figures\person_age_by_loan_status.png
2025-04-28 23:53:44,797 INFO Using categorical units to plot a list of strings that are all parsable as floats or dates. If these strings should be plotted as numbers, cast to the appropriate data type before plotting.
2025-04-28 23:53:44,814 INFO Using categorical units to plot a list of strings that are all parsable as floats or dates. If these strings should be plotted as numbers, cast to the appropriate data type before plotting.
2025-04-28 23:53:44,933 INFO Saved figure: C:\Users\Ken Ira Talingting\Desktop\multi-task-default-interest-model\data\exploratory-data-analysis\figures\person_income_by_loan_status.png
2025-04-28 23:53:45,050 INFO Using categorical units to plot a list of strings that are all parsable as floats or dates. If these strings should be plotted as numbers, cast to the appropriate data type before plotting.
2025-04-28 23:53:45,070 INFO Using categorical units to plot a list of strings that are all parsable as floats or dates. If these strings should be plotted as numbers, cast to the appropriate data type before plotting.
2025-04-28 23:53:45,163 INFO Saved figure: C:\Users\Ken Ira Talingting\Desktop\multi-task-default-interest-model\data\exploratory-data-analysis\figures\person_emp_length_by_loan_status.png
2025-04-28 23:53:45,262 INFO Using categorical units to plot a list of strings that are all parsable as floats or dates. If these strings should be plotted as numbers, cast to the appropriate data type before plotting.
2025-04-28 23:53:45,279 INFO Using categorical units to plot a list of strings that are all parsable as floats or dates. If these strings should be plotted as numbers, cast to the appropriate data type before plotting.
2025-04-28 23:53:45,364 INFO Saved figure: C:\Users\Ken Ira Talingting\Desktop\multi-task-default-interest-model\data\exploratory-data-analysis\figures\loan_amnt_by_loan_status.png
2025-04-28 23:53:45,486 INFO Using categorical units to plot a list of strings that are all parsable as floats or dates. If these strings should be plotted as numbers, cast to the appropriate data type before plotting.
2025-04-28 23:53:45,510 INFO Using categorical units to plot a list of strings that are all parsable as floats or dates. If these strings should be plotted as numbers, cast to the appropriate data type before plotting.
2025-04-28 23:53:45,649 INFO Saved figure: C:\Users\Ken Ira Talingting\Desktop\multi-task-default-interest-model\data\exploratory-data-analysis\figures\loan_int_rate_by_loan_status.png
2025-04-28 23:53:45,763 INFO Using categorical units to plot a list of strings that are all parsable as floats or dates. If these strings should be plotted as numbers, cast to the appropriate data type before plotting.
2025-04-28 23:53:45,777 INFO Using categorical units to plot a list of strings that are all parsable as floats or dates. If these strings should be plotted as numbers, cast to the appropriate data type before plotting.
2025-04-28 23:53:45,865 INFO Saved figure: C:\Users\Ken Ira Talingting\Desktop\multi-task-default-interest-model\data\exploratory-data-analysis\figures\loan_percent_income_by_loan_status.png
2025-04-28 23:53:45,983 INFO Using categorical units to plot a list of strings that are all parsable as floats or dates. If these strings should be plotted as numbers, cast to the appropriate data type before plotting.
2025-04-28 23:53:45,997 INFO Using categorical units to plot a list of strings that are all parsable as floats or dates. If these strings should be plotted as numbers, cast to the appropriate data type before plotting.
2025-04-28 23:53:46,120 INFO Saved figure: C:\Users\Ken Ira Talingting\Desktop\multi-task-default-interest-model\data\exploratory-data-analysis\figures\cb_person_cred_hist_length_by_loan_status.png
2025-04-28 23:53:46,135 WARNING to_markdown failed; falling back to to_string().
2025-04-28 23:53:46,496 INFO Saved figure: C:\Users\Ken Ira Talingting\Desktop\multi-task-default-interest-model\data\exploratory-data-analysis\figures\correlation_heatmap.png
2025-04-28 23:53:46,509 WARNING to_markdown failed; falling back to to_string().
2025-04-28 23:53:46,510 INFO EDA completed successfully.
